1619739230506	geckodriver	INFO	Listening on 127.0.0.1:43689
1619739230509	mozrunner::runner	INFO	Running command: "/usr/bin/firefox" "--marionette" "-foreground" "-no-remote" "-profile" "/tmp/rust_mozprofilenH2Gcw"
1619739231595	Marionette	INFO	Marionette enabled
console.warn: SearchSettings: "get: No settings file exists, new profile?" (new Error("", "(unknown module)"))
1619739234140	Marionette	INFO	Listening on port 44317
1619739234229	Marionette	WARN	TLS certificate errors will be ignored for this session
1619739234551	geckodriver	INFO	Listening on 127.0.0.1:39491
1619739234553	mozrunner::runner	INFO	Running command: "/usr/bin/firefox" "--marionette" "-foreground" "-no-remote" "-profile" "/tmp/rust_mozprofileZW1WGh"
1619739235719	Marionette	INFO	Marionette enabled
console.warn: SearchSettings: "get: No settings file exists, new profile?" (new Error("", "(unknown module)"))
1619739237757	Marionette	INFO	Listening on port 43481
1619739237772	Marionette	WARN	TLS certificate errors will be ignored for this session
Exiting due to channel error.
Exiting due to channel error.
Exiting due to channel error.
Exiting due to channel error.
Exiting due to channel error.
Exiting due to channel error.
1619739360910	geckodriver	INFO	Listening on 127.0.0.1:52569
1619739360913	mozrunner::runner	INFO	Running command: "/usr/bin/firefox" "--marionette" "-foreground" "-no-remote" "-profile" "/tmp/rust_mozprofileNcZxVT"
1619739362151	Marionette	INFO	Marionette enabled
console.warn: SearchSettings: "get: No settings file exists, new profile?" (new Error("", "(unknown module)"))
1619739364506	Marionette	INFO	Listening on port 42295
1619739364533	Marionette	WARN	TLS certificate errors will be ignored for this session
1619739364824	geckodriver	INFO	Listening on 127.0.0.1:49283
1619739364828	mozrunner::runner	INFO	Running command: "/usr/bin/firefox" "--marionette" "-foreground" "-no-remote" "-profile" "/tmp/rust_mozprofileYmunxb"
1619739366040	Marionette	INFO	Marionette enabled
console.warn: SearchSettings: "get: No settings file exists, new profile?" (new Error("", "(unknown module)"))
1619739368143	Marionette	INFO	Listening on port 42729
1619739368245	Marionette	WARN	TLS certificate errors will be ignored for this session
1619740694033	geckodriver	INFO	Listening on 127.0.0.1:51113
1619740694037	mozrunner::runner	INFO	Running command: "/usr/bin/firefox" "--marionette" "-foreground" "-no-remote" "-profile" "/tmp/rust_mozprofileboBK27"
1619740695099	Marionette	INFO	Marionette enabled
console.warn: SearchSettings: "get: No settings file exists, new profile?" (new Error("", "(unknown module)"))
1619740697670	Marionette	INFO	Listening on port 39139
1619740697758	Marionette	WARN	TLS certificate errors will be ignored for this session
1619740767847	geckodriver	INFO	Listening on 127.0.0.1:47183
1619740767850	mozrunner::runner	INFO	Running command: "/usr/bin/firefox" "--marionette" "-foreground" "-no-remote" "-profile" "/tmp/rust_mozprofileacL1ln"
1619740769036	Marionette	INFO	Marionette enabled
console.warn: SearchSettings: "get: No settings file exists, new profile?" (new Error("", "(unknown module)"))
1619740771310	Marionette	INFO	Listening on port 44931
1619740771368	Marionette	WARN	TLS certificate errors will be ignored for this session
1619740897964	geckodriver	INFO	Listening on 127.0.0.1:42233
1619740897967	mozrunner::runner	INFO	Running command: "/usr/bin/firefox" "--marionette" "-foreground" "-no-remote" "-profile" "/tmp/rust_mozprofile09tsaS"
1619740899188	Marionette	INFO	Marionette enabled
console.warn: SearchSettings: "get: No settings file exists, new profile?" (new Error("", "(unknown module)"))
1619740901475	Marionette	INFO	Listening on port 42145
1619740901585	Marionette	WARN	TLS certificate errors will be ignored for this session
Exiting due to channel error.
Exiting due to channel error.
Exiting due to channel error.
Exiting due to channel error.
Exiting due to channel error.
Exiting due to channel error.
Exiting due to channel error.
Exiting due to channel error.
Exiting due to channel error.
Exiting due to channel error.
Exiting due to channel error.
Exiting due to channel error.
Exiting due to channel error.
Exiting due to channel error.
Exiting due to channel error.
1619741075746	geckodriver	INFO	Listening on 127.0.0.1:52827
1619741075748	mozrunner::runner	INFO	Running command: "/usr/bin/firefox" "--marionette" "-foreground" "-no-remote" "-profile" "/tmp/rust_mozprofile4O6etW"
1619741076947	Marionette	INFO	Marionette enabled
console.warn: SearchSettings: "get: No settings file exists, new profile?" (new Error("", "(unknown module)"))
1619741079181	Marionette	INFO	Listening on port 42197
1619741079268	Marionette	WARN	TLS certificate errors will be ignored for this session
1619741079535	geckodriver	INFO	Listening on 127.0.0.1:47691
1619741079538	mozrunner::runner	INFO	Running command: "/usr/bin/firefox" "--marionette" "-foreground" "-no-remote" "-profile" "/tmp/rust_mozprofileZ7qk4i"
1619741080827	Marionette	INFO	Marionette enabled
console.warn: SearchSettings: "get: No settings file exists, new profile?" (new Error("", "(unknown module)"))
1619741082882	Marionette	INFO	Listening on port 34317
1619741082958	Marionette	WARN	TLS certificate errors will be ignored for this session
1619741409095	geckodriver	INFO	Listening on 127.0.0.1:49525
1619741409098	mozrunner::runner	INFO	Running command: "/usr/bin/firefox" "--marionette" "-foreground" "-no-remote" "-profile" "/tmp/rust_mozprofilesHypVE"
1619741410297	Marionette	INFO	Marionette enabled
console.warn: SearchSettings: "get: No settings file exists, new profile?" (new Error("", "(unknown module)"))
1619741412422	Marionette	INFO	Listening on port 43517
1619741412516	Marionette	WARN	TLS certificate errors will be ignored for this session
1619741498812	geckodriver	INFO	Listening on 127.0.0.1:42675
1619741498815	mozrunner::runner	INFO	Running command: "/usr/bin/firefox" "--marionette" "-foreground" "-no-remote" "-profile" "/tmp/rust_mozprofiletjheMc"
1619741500169	Marionette	INFO	Marionette enabled
console.warn: SearchSettings: "get: No settings file exists, new profile?" (new Error("", "(unknown module)"))
1619741502381	Marionette	INFO	Listening on port 33511
1619741502438	Marionette	WARN	TLS certificate errors will be ignored for this session
1619741544212	geckodriver	INFO	Listening on 127.0.0.1:37149
1619741544215	mozrunner::runner	INFO	Running command: "/usr/bin/firefox" "--marionette" "-foreground" "-no-remote" "-profile" "/tmp/rust_mozprofiledErz2F"
1619741545376	Marionette	INFO	Marionette enabled
console.warn: SearchSettings: "get: No settings file exists, new profile?" (new Error("", "(unknown module)"))
1619741547768	Marionette	INFO	Listening on port 41577
1619741547846	Marionette	WARN	TLS certificate errors will be ignored for this session
1619741808204	geckodriver	INFO	Listening on 127.0.0.1:58333
1619741808207	mozrunner::runner	INFO	Running command: "/usr/bin/firefox" "--marionette" "-foreground" "-no-remote" "-profile" "/tmp/rust_mozprofilezZ6gVr"
1619741809246	Marionette	INFO	Marionette enabled
console.warn: SearchSettings: "get: No settings file exists, new profile?" (new Error("", "(unknown module)"))
1619741811714	Marionette	INFO	Listening on port 41433
1619741811737	Marionette	WARN	TLS certificate errors will be ignored for this session
Exiting due to channel error.
Exiting due to channel error.
Exiting due to channel error.
Exiting due to channel error.
Exiting due to channel error.
Exiting due to channel error.
Exiting due to channel error.
Exiting due to channel error.
Exiting due to channel error.
Exiting due to channel error.
Exiting due to channel error.
Exiting due to channel error.
Exiting due to channel error.
Exiting due to channel error.
Exiting due to channel error.
Exiting due to channel error.
Exiting due to channel error.
Exiting due to channel error.
1619742116551	geckodriver	INFO	Listening on 127.0.0.1:35829
1619742116555	mozrunner::runner	INFO	Running command: "/usr/bin/firefox" "--marionette" "-foreground" "-no-remote" "-profile" "/tmp/rust_mozprofilesr1N7l"
1619742117625	Marionette	INFO	Marionette enabled
console.warn: SearchSettings: "get: No settings file exists, new profile?" (new Error("", "(unknown module)"))
1619742119894	Marionette	INFO	Listening on port 41747
1619742119979	Marionette	WARN	TLS certificate errors will be ignored for this session
1619742120277	geckodriver	INFO	Listening on 127.0.0.1:57757
1619742120280	mozrunner::runner	INFO	Running command: "/usr/bin/firefox" "--marionette" "-foreground" "-no-remote" "-profile" "/tmp/rust_mozprofileHNWGcx"
1619742121328	Marionette	INFO	Marionette enabled
console.warn: SearchSettings: "get: No settings file exists, new profile?" (new Error("", "(unknown module)"))
1619742123492	Marionette	INFO	Listening on port 46459
1619742123599	Marionette	WARN	TLS certificate errors will be ignored for this session
1619742269583	geckodriver	INFO	Listening on 127.0.0.1:36603
1619742269586	mozrunner::runner	INFO	Running command: "/usr/bin/firefox" "--marionette" "-foreground" "-no-remote" "-profile" "/tmp/rust_mozprofileblbH7b"
1619742270810	Marionette	INFO	Marionette enabled
console.warn: SearchSettings: "get: No settings file exists, new profile?" (new Error("", "(unknown module)"))
1619742273198	Marionette	INFO	Listening on port 40137
1619742273306	Marionette	WARN	TLS certificate errors will be ignored for this session
1619742384697	geckodriver	INFO	Listening on 127.0.0.1:52101
1619742384700	mozrunner::runner	INFO	Running command: "/usr/bin/firefox" "--marionette" "-foreground" "-no-remote" "-profile" "/tmp/rust_mozprofilenfcBLN"
1619742385891	Marionette	INFO	Marionette enabled
console.warn: SearchSettings: "get: No settings file exists, new profile?" (new Error("", "(unknown module)"))
1619742388432	Marionette	INFO	Listening on port 40257
1619742388523	Marionette	WARN	TLS certificate errors will be ignored for this session
JavaScript error: about:srcdoc, line 9: TypeError: parent is null
JavaScript error: about:srcdoc, line 9: TypeError: parent is null
JavaScript error: about:srcdoc, line 9: TypeError: parent is null
1619742479886	geckodriver	INFO	Listening on 127.0.0.1:42681
1619742479890	mozrunner::runner	INFO	Running command: "/usr/bin/firefox" "--marionette" "-foreground" "-no-remote" "-profile" "/tmp/rust_mozprofilelaoFEw"
1619742481167	Marionette	INFO	Marionette enabled
console.warn: SearchSettings: "get: No settings file exists, new profile?" (new Error("", "(unknown module)"))
1619742483450	Marionette	INFO	Listening on port 46531
1619742483509	Marionette	WARN	TLS certificate errors will be ignored for this session
JavaScript error: about:srcdoc, line 9: TypeError: parent is null
JavaScript error: about:srcdoc, line 9: TypeError: parent is null
JavaScript error: about:srcdoc, line 9: TypeError: parent is null
1619742575996	geckodriver	INFO	Listening on 127.0.0.1:40473
1619742575999	mozrunner::runner	INFO	Running command: "/usr/bin/firefox" "--marionette" "-foreground" "-no-remote" "-profile" "/tmp/rust_mozprofilesllW4j"
1619742577201	Marionette	INFO	Marionette enabled
console.warn: SearchSettings: "get: No settings file exists, new profile?" (new Error("", "(unknown module)"))
1619742579303	Marionette	INFO	Listening on port 46113
1619742579317	Marionette	WARN	TLS certificate errors will be ignored for this session
JavaScript error: about:srcdoc, line 9: TypeError: parent is null
JavaScript error: about:srcdoc, line 9: TypeError: parent is null
Exiting due to channel error.
Exiting due to channel error.
Exiting due to channel error.
[GFX1-]: Receive IPC close with reason=AbnormalShutdown
Exiting due to channel error.
Exiting due to channel error.
Exiting due to channel error.
Exiting due to channel error.
Exiting due to channel error.
Exiting due to channel error.
Exiting due to channel error.
Exiting due to channel error.
[GFX1-]: Receive IPC close with reason=AbnormalShutdown
Exiting due to channel error.
Exiting due to channel error.
Exiting due to channel error.
Exiting due to channel error.
Exiting due to channel error.
Exiting due to channel error.
Exiting due to channel error.
1619743830397	geckodriver	INFO	Listening on 127.0.0.1:41501
1619743830400	mozrunner::runner	INFO	Running command: "/usr/bin/firefox" "--marionette" "-foreground" "-no-remote" "-profile" "/tmp/rust_mozprofilevBQaYy"
1619743831586	Marionette	INFO	Marionette enabled
console.warn: SearchSettings: "get: No settings file exists, new profile?" (new Error("", "(unknown module)"))
1619743833655	Marionette	INFO	Listening on port 32891
1619743833730	Marionette	WARN	TLS certificate errors will be ignored for this session
1619743874416	geckodriver	INFO	Listening on 127.0.0.1:40391
1619743874418	mozrunner::runner	INFO	Running command: "/usr/bin/firefox" "--marionette" "-foreground" "-no-remote" "-profile" "/tmp/rust_mozprofilex9rwOv"
1619743875452	Marionette	INFO	Marionette enabled
console.warn: SearchSettings: "get: No settings file exists, new profile?" (new Error("", "(unknown module)"))
1619743877486	Marionette	INFO	Listening on port 43029
1619743877538	Marionette	WARN	TLS certificate errors will be ignored for this session
1619743903627	geckodriver	INFO	Listening on 127.0.0.1:49813
1619743903629	mozrunner::runner	INFO	Running command: "/usr/bin/firefox" "--marionette" "-foreground" "-no-remote" "-profile" "/tmp/rust_mozprofileVkdRsX"
1619743904651	Marionette	INFO	Marionette enabled
console.warn: SearchSettings: "get: No settings file exists, new profile?" (new Error("", "(unknown module)"))
1619743906784	Marionette	INFO	Listening on port 39231
1619743906863	Marionette	WARN	TLS certificate errors will be ignored for this session
1619743948992	geckodriver	INFO	Listening on 127.0.0.1:47795
1619743948995	mozrunner::runner	INFO	Running command: "/usr/bin/firefox" "--marionette" "-foreground" "-no-remote" "-profile" "/tmp/rust_mozprofileKI15mX"
1619743950170	Marionette	INFO	Marionette enabled
console.warn: SearchSettings: "get: No settings file exists, new profile?" (new Error("", "(unknown module)"))
1619743952562	Marionette	INFO	Listening on port 35821
1619743952651	Marionette	WARN	TLS certificate errors will be ignored for this session
1619743952975	geckodriver	INFO	Listening on 127.0.0.1:36067
1619743952979	mozrunner::runner	INFO	Running command: "/usr/bin/firefox" "--marionette" "-foreground" "-no-remote" "-profile" "/tmp/rust_mozprofiler2mzDf"
1619743954187	Marionette	INFO	Marionette enabled
console.warn: SearchSettings: "get: No settings file exists, new profile?" (new Error("", "(unknown module)"))
1619743956242	Marionette	INFO	Listening on port 43237
1619743956297	Marionette	WARN	TLS certificate errors will be ignored for this session
JavaScript error: about:srcdoc, line 9: TypeError: parent is null
JavaScript error: about:srcdoc, line 9: TypeError: parent is null
JavaScript error: about:srcdoc, line 9: TypeError: parent is null
JavaScript error: about:srcdoc, line 9: TypeError: parent is null
1619744067602	Marionette	WARN	Ignoring event 'DOMContentLoaded' because document has an invalid readyState of 'complete'.
1619744203259	geckodriver	INFO	Listening on 127.0.0.1:60539
1619744203262	mozrunner::runner	INFO	Running command: "/usr/bin/firefox" "--marionette" "-foreground" "-no-remote" "-profile" "/tmp/rust_mozprofileEXzLzu"
1619744204467	Marionette	INFO	Marionette enabled
console.warn: SearchSettings: "get: No settings file exists, new profile?" (new Error("", "(unknown module)"))
1619744206488	Marionette	INFO	Listening on port 43363
1619744206598	Marionette	WARN	TLS certificate errors will be ignored for this session
JavaScript error: about:srcdoc, line 9: TypeError: parent is null
JavaScript error: about:srcdoc, line 9: TypeError: parent is null
Exiting due to channel error.
Exiting due to channel error.
Exiting due to channel error.
Exiting due to channel error.
Exiting due to channel error.
Exiting due to channel error.
Exiting due to channel error.
Exiting due to channel error.
Exiting due to channel error.
1619744621359	Marionette	INFO	Stopped listening on port 32891
1619744625000	Marionette	INFO	Stopped listening on port 39231
1619744631123	Marionette	INFO	Stopped listening on port 43029
